Build started at 2022-02-05T11:18:58.550005
Main binary: /usr/bin/python3
Build Options: -Dmultilib=false -Dpicocrt=false -Datomic-ungetc=false -Dthread-local-storage=false -Dio-long-long=true -Dformat-default=integer -Dincludedir=picolibc/riscv64-unknown-elf/include -Dlibdir=picolibc/riscv64-unknown-elf/lib -Dbackend=ninja '--cross-file /home/diego_sanchez/Dokumente/GitHub/wp04-2021-2-gr-01/SoC_project/build/nexys4ddr/software/libc/cross.txt'
Python system: Linux
The Meson build system
Version: 0.60.2
Source dir: /tools/Litex/pythondata-software-picolibc/pythondata_software_picolibc/data
Build dir: /home/diego_sanchez/Dokumente/GitHub/wp04-2021-2-gr-01/SoC_project/build/nexys4ddr/software/libc
Build type: cross build
Project name: picolibc
Project version: 1.7.4
C compiler for the host machine: riscv64-unknown-elf-gcc (gcc 8.3.0 "riscv64-unknown-elf-gcc (SiFive GCC 8.3.0-2019.08.0) 8.3.0")
C linker for the host machine: riscv64-unknown-elf-gcc ld.bfd 2.32.0-2019
C compiler for the build machine: cc (gcc 9.3.0 "cc (Ubuntu 9.3.0-17ubuntu1~20.04) 9.3.0")
C linker for the build machine: cc ld.bfd 2.34
Build machine cpu family: x86_64
Build machine cpu: x86_64
Host machine cpu family: riscv
Host machine cpu: picorv32
Target machine cpu family: riscv
Target machine cpu: picorv32
Using cached compile:
Cached command line:   

Code:
 
#include <float.h>
#ifndef __LDBL_MANT_DIG__
#error No long double support in float.h
#endif
long double test()
{
	long double ld = 0.0L;
	 return ld;
}

Cached compiler stdout:
 
Cached compiler stderr:
 
Checking if "long double check" : compiles: YES (cached)
Using cached compile:
Cached command line:   

Code:
 
#include <float.h>
char size_test[sizeof(double) == sizeof(long double) ? 1 : -1];

Cached compiler stdout:
 
Cached compiler stderr:
 /home/diego_sanchez/Dokumente/GitHub/wp04-2021-2-gr-01/SoC_project/build/nexys4ddr/software/libc/meson-private/tmp40t2h82j/testfile.c:3:6: error: size of array 'size_test' is negative
 char size_test[sizeof(double) == sizeof(long double) ? 1 : -1];
      ^~~~~~~~~

Checking if "long double same as double" : compiles: NO (cached)
Using cached compile:
Cached command line:   

Code:
 
#include <float.h>
char size_test[__LDBL_MANT_DIG__ == 64 ? 1 : -1];

Cached compiler stdout:
 
Cached compiler stderr:
 /home/diego_sanchez/Dokumente/GitHub/wp04-2021-2-gr-01/SoC_project/build/nexys4ddr/software/libc/meson-private/tmpy1_jsiq2/testfile.c:3:6: error: size of array 'size_test' is negative
 char size_test[__LDBL_MANT_DIG__ == 64 ? 1 : -1];
      ^~~~~~~~~

Checking if "long double mantissa is 64 bits" : compiles: NO (cached)
Using cached compile:
Cached command line:   

Code:
 
#include <float.h>
char size_test[__LDBL_MANT_DIG__ == 113 ? 1 : -1];

Cached compiler stdout:
 
Cached compiler stderr:
 
Checking if "long double mantissa is 113 bits" : compiles: YES (cached)
Using cached compile:
Cached command line:   

Code:
 extern int i;
int i;

Cached compiler stdout:
 
Cached compiler stderr:
 
Compiler for C supports arguments -fno-common: YES (cached)
Using cached compile:
Cached command line:   

Code:
 extern int i;
int i;

Cached compiler stdout:
 
Cached compiler stderr:
 
Compiler for C supports arguments -frounding-math: YES (cached)
Using cached compile:
Cached command line:   

Code:
 extern int i;
int i;

Cached compiler stdout:
 
Cached compiler stderr:
 riscv64-unknown-elf-gcc: error: unrecognized command line option '-Wunsupported-floating-point-opt'; did you mean '-Wunsuffixed-float-constants'?

Compiler for C supports arguments -Wno-unsupported-floating-point-opt: NO (cached)
Using cached compile:
Cached command line:   

Code:
 extern int i;
int i;

Cached compiler stdout:
 
Cached compiler stderr:
 
Compiler for C supports arguments -fno-stack-protector: YES (cached)
Running compile:
Working directory:  /home/diego_sanchez/Dokumente/GitHub/wp04-2021-2-gr-01/SoC_project/build/nexys4ddr/software/libc/meson-private/tmpet3fmcrx
Command line:  riscv64-unknown-elf-gcc -I/tools/Litex/pythondata-software-picolibc/pythondata_software_picolibc/data/newlib/libc/tinystdio -I/tools/Litex/pythondata-software-picolibc/pythondata_software_picolibc/data/newlib/libc/include -I/tools/Litex/litex/litex/soc/software/libbase -I/tools/Litex/litex/litex/soc/software/include -I/tools/Litex/litex/litex/soc/software -I/home/diego_sanchez/Dokumente/GitHub/wp04-2021-2-gr-01/SoC_project/build/nexys4ddr/software/include -I/home/diego_sanchez/Dokumente/GitHub/wp04-2021-2-gr-01/SoC_project/build/nexys4ddr/software/include/../libc -I/tools/Litex/litex/litex/soc/cores/cpu/picorv32 /home/diego_sanchez/Dokumente/GitHub/wp04-2021-2-gr-01/SoC_project/build/nexys4ddr/software/libc/meson-private/tmpet3fmcrx/testfile.c -o /home/diego_sanchez/Dokumente/GitHub/wp04-2021-2-gr-01/SoC_project/build/nexys4ddr/software/libc/meson-private/tmpet3fmcrx/output.obj -c -Os -mno-save-restore -march=rv32im -mabi=ilp32 -D__picorv32__ -g3 -fomit-frame-pointer -Wall -fno-builtin -fno-stack-protector -fexceptions -Wpragmas -D_FILE_OFFSET_BITS=64 -O0 -O0 

Code:
 #ifdef __cplusplus
        extern "C" {
        #endif
        void meson_uscore_prefix (void) {}
        #ifdef __cplusplus
        }
        #endif
        
Compiler stdout:
 
Compiler stderr:
 
Symbols have underscore prefix: NO
Program riscv64-unknown-elf-gcc-nm found: YES
Program scripts/duplicate-names found: YES (/tools/Litex/pythondata-software-picolibc/pythondata_software_picolibc/data/scripts/duplicate-names)
Using cached compile:
Cached command line:   

Code:
 int main(void) { return 0; }

Cached compiler stdout:
 
Cached compiler stderr:
 
Compiler for C supports link arguments -Wl,--defsym=_start=0: YES (cached)
Using cached compile:
Cached command line:   

Code:
 int main(void) { return 0; }

Cached compiler stdout:
 
Cached compiler stderr:
 /tools/Litex/riscv64-unknown-elf-gcc-8.3.0-2019.08.0-x86_64-linux-ubuntu14/bin/../lib/gcc/riscv64-unknown-elf/8.3.0/../../../../riscv64-unknown-elf/bin/ld: unrecognized -a option `lias'
collect2: error: ld returned 1 exit status

Compiler for C supports link arguments -Wl,-alias,main,testalias: NO (cached)
Using cached compile:
Cached command line:   

Code:
 
        int foo(void) { return 0; }
        int bar(void) __attribute__((alias("foo")));
Cached compiler stdout:
 
Cached compiler stderr:
 
Compiler for C supports function attribute alias: YES (cached)
Using cached compile:
Cached command line:   

Code:
 int foo(const char * p, ...) __attribute__((format(printf, 1, 2)));
Cached compiler stdout:
 
Cached compiler stderr:
 
Compiler for C supports function attribute format: YES (cached)
Running command: /tools/Litex/riscv64-unknown-elf-gcc-8.3.0-2019.08.0-x86_64-linux-ubuntu14/bin/riscv64-unknown-elf-gcc -print-search-dirs
--- stdout ---
install: /tools/Litex/riscv64-unknown-elf-gcc-8.3.0-2019.08.0-x86_64-linux-ubuntu14/bin/../lib/gcc/riscv64-unknown-elf/8.3.0/
programs: =/tools/Litex/riscv64-unknown-elf-gcc-8.3.0-2019.08.0-x86_64-linux-ubuntu14/bin/../libexec/gcc/riscv64-unknown-elf/8.3.0/:/tools/Litex/riscv64-unknown-elf-gcc-8.3.0-2019.08.0-x86_64-linux-ubuntu14/bin/../libexec/gcc/:/tools/Litex/riscv64-unknown-elf-gcc-8.3.0-2019.08.0-x86_64-linux-ubuntu14/bin/../lib/gcc/riscv64-unknown-elf/8.3.0/../../../../riscv64-unknown-elf/bin/riscv64-unknown-elf/8.3.0/:/tools/Litex/riscv64-unknown-elf-gcc-8.3.0-2019.08.0-x86_64-linux-ubuntu14/bin/../lib/gcc/riscv64-unknown-elf/8.3.0/../../../../riscv64-unknown-elf/bin/
libraries: =/tools/Litex/riscv64-unknown-elf-gcc-8.3.0-2019.08.0-x86_64-linux-ubuntu14/bin/../lib/gcc/riscv64-unknown-elf/8.3.0/rv64imafdc/lp64d/:/tools/Litex/riscv64-unknown-elf-gcc-8.3.0-2019.08.0-x86_64-linux-ubuntu14/bin/../lib/gcc/rv64imafdc/lp64d/:/tools/Litex/riscv64-unknown-elf-gcc-8.3.0-2019.08.0-x86_64-linux-ubuntu14/bin/../lib/gcc/riscv64-unknown-elf/8.3.0/../../../../riscv64-unknown-elf/lib/riscv64-unknown-elf/8.3.0/rv64imafdc/lp64d/:/tools/Litex/riscv64-unknown-elf-gcc-8.3.0-2019.08.0-x86_64-linux-ubuntu14/bin/../lib/gcc/riscv64-unknown-elf/8.3.0/../../../../riscv64-unknown-elf/lib/rv64imafdc/lp64d/:/tools/Litex/riscv64-unknown-elf-gcc-8.3.0-2019.08.0-x86_64-linux-ubuntu14/bin/../riscv64-unknown-elf/lib/riscv64-unknown-elf/8.3.0/rv64imafdc/lp64d/:/tools/Litex/riscv64-unknown-elf-gcc-8.3.0-2019.08.0-x86_64-linux-ubuntu14/bin/../riscv64-unknown-elf/lib/rv64imafdc/lp64d/:/tools/Litex/riscv64-unknown-elf-gcc-8.3.0-2019.08.0-x86_64-linux-ubuntu14/bin/../riscv64-unknown-elf/usr/lib/riscv64-unknown-elf/8.3.0/rv64imafdc/lp64d/:/tools/Litex/riscv64-unknown-elf-gcc-8.3.0-2019.08.0-x86_64-linux-ubuntu14/bin/../riscv64-unknown-elf/usr/lib/rv64imafdc/lp64d/:/tools/Litex/riscv64-unknown-elf-gcc-8.3.0-2019.08.0-x86_64-linux-ubuntu14/bin/../lib/gcc/riscv64-unknown-elf/8.3.0/:/tools/Litex/riscv64-unknown-elf-gcc-8.3.0-2019.08.0-x86_64-linux-ubuntu14/bin/../lib/gcc/:/tools/Litex/riscv64-unknown-elf-gcc-8.3.0-2019.08.0-x86_64-linux-ubuntu14/bin/../lib/gcc/riscv64-unknown-elf/8.3.0/../../../../riscv64-unknown-elf/lib/riscv64-unknown-elf/8.3.0/:/tools/Litex/riscv64-unknown-elf-gcc-8.3.0-2019.08.0-x86_64-linux-ubuntu14/bin/../lib/gcc/riscv64-unknown-elf/8.3.0/../../../../riscv64-unknown-elf/lib/:/tools/Litex/riscv64-unknown-elf-gcc-8.3.0-2019.08.0-x86_64-linux-ubuntu14/bin/../riscv64-unknown-elf/lib/riscv64-unknown-elf/8.3.0/:/tools/Litex/riscv64-unknown-elf-gcc-8.3.0-2019.08.0-x86_64-linux-ubuntu14/bin/../riscv64-unknown-elf/lib/:/tools/Litex/riscv64-unknown-elf-gcc-8.3.0-2019.08.0-x86_64-linux-ubuntu14/bin/../riscv64-unknown-elf/usr/lib/riscv64-unknown-elf/8.3.0/:/tools/Litex/riscv64-unknown-elf-gcc-8.3.0-2019.08.0-x86_64-linux-ubuntu14/bin/../riscv64-unknown-elf/usr/lib/

--- stderr ---


Running command: /usr/bin/expr install: /tools/Litex/riscv64-unknown-elf-gcc-8.3.0-2019.08.0-x86_64-linux-ubuntu14/bin/../lib/gcc/riscv64-unknown-elf/8.3.0/ : install: *\(.*\)
--- stdout ---
/tools/Litex/riscv64-unknown-elf-gcc-8.3.0-2019.08.0-x86_64-linux-ubuntu14/bin/../lib/gcc/riscv64-unknown-elf/8.3.0/

--- stderr ---


Configuring picolibc.specs using configuration
Configuring picolibcpp.specs using configuration
Configuring test.specs using configuration
Configuring picolibc.ld using configuration
Configuring picolibcpp.ld using configuration
Using cached compile:
Cached command line:   

Code:
 extern int i;
int i;

Cached compiler stdout:
 
Cached compiler stderr:
 
Compiler for C supports arguments -Werror=implicit-function-declaration: YES (cached)
Using cached compile:
Cached command line:   

Code:
 extern int i;
int i;

Cached compiler stdout:
 
Cached compiler stderr:
 
Compiler for C supports arguments -Werror=vla: YES (cached)
Using cached compile:
Cached command line:   

Code:
 extern int i;
int i;

Cached compiler stdout:
 
Cached compiler stderr:
 
Compiler for C supports arguments -Warray-bounds: YES (cached)
Using cached compile:
Cached command line:   

Code:
 extern int i;
int i;

Cached compiler stdout:
 
Cached compiler stderr:
 
Compiler for C supports arguments -Wold-style-definition: YES (cached)
Using cached compile:
Cached command line:   

Code:
 extern int i;
int i;

Cached compiler stdout:
 
Cached compiler stderr:
 
Compiler for C supports arguments -Wno-missing-braces: YES (cached)
Using cached compile:
Cached command line:   

Code:
 extern int i;
int i;

Cached compiler stdout:
 
Cached compiler stderr:
 
Compiler for C supports arguments -Wno-implicit-int: YES (cached)
Using cached compile:
Cached command line:   

Code:
 extern int i;
int i;

Cached compiler stdout:
 
Cached compiler stderr:
 
Compiler for C supports arguments -Wno-return-type: YES (cached)
Using cached compile:
Cached command line:   

Code:
 extern int i;
int i;

Cached compiler stdout:
 
Cached compiler stderr:
 riscv64-unknown-elf-gcc: error: unrecognized command line option '-Wunused-command-line-argument'; did you mean '-Wunused-dummy-argument'?

Compiler for C supports arguments -Wno-unused-command-line-argument: NO (cached)
Using cached compile:
Cached command line:   

Code:
 
struct test { int part: 24; } __attribute__((packed));
unsigned int foobar (const struct test *p) { return p->part; }

Cached compiler stdout:
 
Cached compiler stderr:
 
Checking if "packed structs may contain bitfields" : compiles: YES (cached)
Using cached compile:
Cached command line:   

Code:
 
#include <stddef.h>
int overflows (size_t a, size_t b) { size_t x; return __builtin_mul_overflow(a, b, &x); }
volatile size_t aa = 42;
int main (void) { return overflows(aa, aa); }

Cached compiler stdout:
 
Cached compiler stderr:
 /tools/Litex/riscv64-unknown-elf-gcc-8.3.0-2019.08.0-x86_64-linux-ubuntu14/bin/../lib/gcc/riscv64-unknown-elf/8.3.0/../../../../riscv64-unknown-elf/bin/ld: warning: cannot find entry symbol _start; defaulting to 0000000000010074

Checking if "has __builtin_mul_overflow" : links: YES (cached)
Using cached compile:
Cached command line:   

Code:
 
float _Complex test(float _Complex z) { return z; }

Cached compiler stdout:
 
Cached compiler stderr:
 
Checking if "supports _Complex" : compiles: YES (cached)
Using cached compile:
Cached command line:   

Code:
 
volatile int a = 42;
int main (void) {
  return __builtin_expect(a, 1);
}

Cached compiler stdout:
 
Cached compiler stderr:
 /tools/Litex/riscv64-unknown-elf-gcc-8.3.0-2019.08.0-x86_64-linux-ubuntu14/bin/../lib/gcc/riscv64-unknown-elf/8.3.0/../../../../riscv64-unknown-elf/bin/ld: warning: cannot find entry symbol _start; defaulting to 0000000000010074

Checking if "has __builtin_expect" : links: YES (cached)
Using cached compile:
Cached command line:   

Code:
 extern int i;
int i;

Cached compiler stdout:
 
Cached compiler stderr:
 
Compiler for C supports arguments -Werror: YES (cached)
Using cached compile:
Cached command line:   

Code:
 
void *foobar(size_t) __attribute__((__alloc_size__(1)));
void *foobar2(size_t, size_t) __attribute__((__alloc_size__(1, 2)));

Cached compiler stdout:
 
Cached compiler stderr:
 /home/diego_sanchez/Dokumente/GitHub/wp04-2021-2-gr-01/SoC_project/build/nexys4ddr/software/libc/meson-private/tmpl8prrthm/testfile.c:2:1: error: parameter names (without types) in function declaration [-Werror]
 void *foobar(size_t) __attribute__((__alloc_size__(1)));
 ^~~~
/home/diego_sanchez/Dokumente/GitHub/wp04-2021-2-gr-01/SoC_project/build/nexys4ddr/software/libc/meson-private/tmpl8prrthm/testfile.c:2:1: error: alloc_size parameter outside range [-Werror=attributes]
/home/diego_sanchez/Dokumente/GitHub/wp04-2021-2-gr-01/SoC_project/build/nexys4ddr/software/libc/meson-private/tmpl8prrthm/testfile.c:3:1: error: parameter names (without types) in function declaration [-Werror]
 void *foobar2(size_t, size_t) __attribute__((__alloc_size__(1, 2)));
 ^~~~
/home/diego_sanchez/Dokumente/GitHub/wp04-2021-2-gr-01/SoC_project/build/nexys4ddr/software/libc/meson-private/tmpl8prrthm/testfile.c:3:1: error: alloc_size parameter outside range [-Werror=attributes]
cc1: all warnings being treated as errors

Checking if "attribute __alloc_size__" : compiles: NO (cached)
Using cached compile:
Cached command line:   

Code:
 extern int i;
int i;

Cached compiler stdout:
 
Cached compiler stderr:
 
Compiler for C supports arguments -Werror: YES (cached)
Using cached compile:
Cached command line:   

Code:
 
void __attribute__((constructor(101))) ctor (void) {}
void __attribute__((destructor(101))) dtor (void) {}

Cached compiler stdout:
 
Cached compiler stderr:
 
Checking if "attributes constructor/destructor" : compiles: YES (cached)
Using cached compile:
Cached command line:   

Code:
 
static int foo(void * i __attribute__((unused))) { return 0; }
int main(void) { return foo(__builtin_alloca(1)); }

Cached compiler stdout:
 
Cached compiler stderr:
 /tools/Litex/riscv64-unknown-elf-gcc-8.3.0-2019.08.0-x86_64-linux-ubuntu14/bin/../lib/gcc/riscv64-unknown-elf/8.3.0/../../../../riscv64-unknown-elf/bin/ld: warning: cannot find entry symbol _start; defaulting to 0000000000010054

Checking if "test for __builtin_alloca" : links: YES (cached)
Using cached compile:
Cached command line:   

Code:
 
static int foo(int i __attribute__((unused))) { return 0; }
int main(void) { return foo(__builtin_ffs(42)); }

Cached compiler stdout:
 
Cached compiler stderr:
 /tools/Litex/riscv64-unknown-elf-gcc-8.3.0-2019.08.0-x86_64-linux-ubuntu14/bin/../lib/gcc/riscv64-unknown-elf/8.3.0/../../../../riscv64-unknown-elf/bin/ld: warning: cannot find entry symbol _start; defaulting to 0000000000010054

Checking if "test for __builtin_ffs" : links: YES (cached)
Using cached compile:
Cached command line:   

Code:
 
static int foo(long i __attribute__((unused))) { return 0; }
int main(void) { return foo(__builtin_ffsl((long)42)); }

Cached compiler stdout:
 
Cached compiler stderr:
 /tools/Litex/riscv64-unknown-elf-gcc-8.3.0-2019.08.0-x86_64-linux-ubuntu14/bin/../lib/gcc/riscv64-unknown-elf/8.3.0/../../../../riscv64-unknown-elf/bin/ld: warning: cannot find entry symbol _start; defaulting to 0000000000010054

Checking if "test for __builtin_ffsl" : links: YES (cached)
Using cached compile:
Cached command line:   

Code:
 
static int foo(long long i __attribute__((unused))) { return 0; }
int main(void) { return foo(__builtin_ffsll((long long)42)); }

Cached compiler stdout:
 
Cached compiler stderr:
 /tools/Litex/riscv64-unknown-elf-gcc-8.3.0-2019.08.0-x86_64-linux-ubuntu14/bin/../lib/gcc/riscv64-unknown-elf/8.3.0/../../../../riscv64-unknown-elf/bin/ld: warning: cannot find entry symbol _start; defaulting to 0000000000010054

Checking if "test for __builtin_ffsll" : links: YES (cached)
Using cached compile:
Cached command line:   

Code:
 
static int foo(int i __attribute__((unused))) { return 0; }
int main(void) { return foo(__builtin_ctz((unsigned int)42)); }

Cached compiler stdout:
 
Cached compiler stderr:
 /tools/Litex/riscv64-unknown-elf-gcc-8.3.0-2019.08.0-x86_64-linux-ubuntu14/bin/../lib/gcc/riscv64-unknown-elf/8.3.0/../../../../riscv64-unknown-elf/bin/ld: warning: cannot find entry symbol _start; defaulting to 0000000000010054

Checking if "test for __builtin_ctz" : links: YES (cached)
Using cached compile:
Cached command line:   

Code:
 
static int foo(int i __attribute__((unused))) { return 0; }
int main(void) { return foo(__builtin_ctzl((unsigned long)42)); }

Cached compiler stdout:
 
Cached compiler stderr:
 /tools/Litex/riscv64-unknown-elf-gcc-8.3.0-2019.08.0-x86_64-linux-ubuntu14/bin/../lib/gcc/riscv64-unknown-elf/8.3.0/../../../../riscv64-unknown-elf/bin/ld: warning: cannot find entry symbol _start; defaulting to 0000000000010054

Checking if "test for __builtin_ctzl" : links: YES (cached)
Using cached compile:
Cached command line:   

Code:
 
static int foo(int i __attribute__((unused))) { return 0; }
int main(void) { return foo(__builtin_ctzll((unsigned long long)42)); }

Cached compiler stdout:
 
Cached compiler stderr:
 /tools/Litex/riscv64-unknown-elf-gcc-8.3.0-2019.08.0-x86_64-linux-ubuntu14/bin/../lib/gcc/riscv64-unknown-elf/8.3.0/../../../../riscv64-unknown-elf/bin/ld: warning: cannot find entry symbol _start; defaulting to 0000000000010054

Checking if "test for __builtin_ctzll" : links: YES (cached)
Using cached compile:
Cached command line:   

Code:
 
static int foo(long double i __attribute__((unused))) { return 0; }
int main(void) { return foo(__builtin_copysignl((long double)42, (long double) 42)); }

Cached compiler stdout:
 
Cached compiler stderr:
 /tools/Litex/riscv64-unknown-elf-gcc-8.3.0-2019.08.0-x86_64-linux-ubuntu14/bin/../lib/gcc/riscv64-unknown-elf/8.3.0/../../../../riscv64-unknown-elf/bin/ld: warning: cannot find entry symbol _start; defaulting to 0000000000010054

Checking if "test for __builtin_copysignl" : links: YES (cached)
Using cached compile:
Cached command line:   

Code:
 
static int foo(double i __attribute__((unused))) { return 0; }
int main(void) { return foo(__builtin_copysign(42, 42)); }

Cached compiler stdout:
 
Cached compiler stderr:
 /tools/Litex/riscv64-unknown-elf-gcc-8.3.0-2019.08.0-x86_64-linux-ubuntu14/bin/../lib/gcc/riscv64-unknown-elf/8.3.0/../../../../riscv64-unknown-elf/bin/ld: warning: cannot find entry symbol _start; defaulting to 0000000000010054

Checking if "test for __builtin_copysign" : links: YES (cached)
Using cached compile:
Cached command line:   

Code:
 
static int foo(int i __attribute__((unused))) { return 0; }
int main(void) { return foo(__builtin_isinfl((long double)42)); }

Cached compiler stdout:
 
Cached compiler stderr:
 /tools/Litex/riscv64-unknown-elf-gcc-8.3.0-2019.08.0-x86_64-linux-ubuntu14/bin/../lib/gcc/riscv64-unknown-elf/8.3.0/../../../../riscv64-unknown-elf/bin/ld: warning: cannot find entry symbol _start; defaulting to 0000000000010054

Checking if "test for __builtin_isinfl" : links: YES (cached)
Using cached compile:
Cached command line:   

Code:
 
static int foo(int i __attribute__((unused))) { return 0; }
int main(void) { return foo(__builtin_isinf((long double)42)); }

Cached compiler stdout:
 
Cached compiler stderr:
 /tools/Litex/riscv64-unknown-elf-gcc-8.3.0-2019.08.0-x86_64-linux-ubuntu14/bin/../lib/gcc/riscv64-unknown-elf/8.3.0/../../../../riscv64-unknown-elf/bin/ld: warning: cannot find entry symbol _start; defaulting to 0000000000010054

Checking if "test for __builtin_isinf" : links: YES (cached)
Using cached compile:
Cached command line:   

Code:
 
static int foo(int i __attribute__((unused))) { return 0; }
int main(void) { return foo(__builtin_isnanl((long double)42)); }

Cached compiler stdout:
 
Cached compiler stderr:
 /tools/Litex/riscv64-unknown-elf-gcc-8.3.0-2019.08.0-x86_64-linux-ubuntu14/bin/../lib/gcc/riscv64-unknown-elf/8.3.0/../../../../riscv64-unknown-elf/bin/ld: warning: cannot find entry symbol _start; defaulting to 0000000000010054

Checking if "test for __builtin_isnanl" : links: YES (cached)
Using cached compile:
Cached command line:   

Code:
 
static int foo(int i __attribute__((unused))) { return 0; }
int main(void) { return foo(__builtin_isnan((long double)42)); }

Cached compiler stdout:
 
Cached compiler stderr:
 /tools/Litex/riscv64-unknown-elf-gcc-8.3.0-2019.08.0-x86_64-linux-ubuntu14/bin/../lib/gcc/riscv64-unknown-elf/8.3.0/../../../../riscv64-unknown-elf/bin/ld: warning: cannot find entry symbol _start; defaulting to 0000000000010054

Checking if "test for __builtin_isnan" : links: YES (cached)
Using cached compile:
Cached command line:   

Code:
 
static int foo(int i __attribute__((unused))) { return 0; }
int main(void) { return foo(__builtin_finitel((long double)42)); }

Cached compiler stdout:
 
Cached compiler stderr:
 /tools/Litex/riscv64-unknown-elf-gcc-8.3.0-2019.08.0-x86_64-linux-ubuntu14/bin/../lib/gcc/riscv64-unknown-elf/8.3.0/../../../../riscv64-unknown-elf/bin/ld: warning: cannot find entry symbol _start; defaulting to 0000000000010054

Checking if "test for __builtin_finitel" : links: YES (cached)
Using cached compile:
Cached command line:   

Code:
 
static int foo(int i __attribute__((unused))) { return 0; }
int main(void) { return foo(__builtin_isfinite((long double)42)); }

Cached compiler stdout:
 
Cached compiler stderr:
 /tools/Litex/riscv64-unknown-elf-gcc-8.3.0-2019.08.0-x86_64-linux-ubuntu14/bin/../lib/gcc/riscv64-unknown-elf/8.3.0/../../../../riscv64-unknown-elf/bin/ld: warning: cannot find entry symbol _start; defaulting to 0000000000010054

Checking if "test for __builtin_isfinite" : links: YES (cached)
Using cached compile:
Cached command line:   

Code:
 extern int i;
int i;

Cached compiler stdout:
 
Cached compiler stderr:
 
Compiler for C supports arguments -fno-tree-loop-distribute-patterns: YES (cached)
Using cached compile:
Cached command line:   

Code:
 extern int i;
int i;

Cached compiler stdout:
 
Cached compiler stderr:
 
Compiler for C supports arguments -Werror=attributes: YES (cached)
Using cached compile:
Cached command line:   

Code:
 int __attribute__((no_builtin)) foo(int x) { return x + 1; }
Cached compiler stdout:
 
Cached compiler stderr:
 /home/diego_sanchez/Dokumente/GitHub/wp04-2021-2-gr-01/SoC_project/build/nexys4ddr/software/libc/meson-private/tmp322jk2kg/testfile.c:1:1: error: 'no_builtin' attribute directive ignored [-Werror=attributes]
 int __attribute__((no_builtin)) foo(int x) { return x + 1; }
 ^~~
cc1: some warnings being treated as errors

Checking if "no_builtin attribute" : compiles: NO (cached)
Using cached compile:
Cached command line:   

Code:
 inline __attribute__((always_inline)) int foo(void) { return 0; }
Cached compiler stdout:
 
Cached compiler stderr:
 
Compiler for C supports function attribute always_inline: YES (cached)
Using cached compile:
Cached command line:   

Code:
 inline __attribute__((gnu_inline)) int foo(void) { return 0; }
Cached compiler stdout:
 
Cached compiler stderr:
 
Compiler for C supports function attribute gnu_inline: YES (cached)
Using cached compile:
Cached command line:   

Code:
 extern int i;
int i;

Cached compiler stdout:
 
Cached compiler stderr:
 
Compiler for C supports arguments -fno-builtin: YES (cached)
Running command: /usr/bin/sed -e /^#/d -e /^$/d -e s/ .*$// /tools/Litex/pythondata-software-picolibc/pythondata_software_picolibc/data/newlib/libc/iconv/encoding.aliases
--- stdout ---
big5
cp775
cp850
cp852
cp855
cp866
euc_jp
euc_kr
euc_tw
iso_8859_1
iso_8859_10
iso_8859_11
iso_8859_13
iso_8859_14
iso_8859_15
iso_8859_2
iso_8859_3
iso_8859_4
iso_8859_5
iso_8859_6
iso_8859_7
iso_8859_8
iso_8859_9
iso_ir_111
koi8_r
koi8_ru
koi8_u
koi8_uni
ucs_2
ucs_2_internal
ucs_2be
ucs_2le
ucs_4
ucs_4_internal
ucs_4be
ucs_4le
us_ascii
utf_16
utf_16be
utf_16le
utf_8
win_1250
win_1251
win_1252
win_1253
win_1254
win_1255
win_1256
win_1257
win_1258

--- stderr ---


Using cached compile:
Cached command line:   

Code:
 extern int i;
int i;

Cached compiler stdout:
 
Cached compiler stderr:
 
Compiler for C supports arguments -ffunction-sections: YES (cached)
Using cached compile:
Cached command line:   

Code:
 extern int i;
int i;

Cached compiler stdout:
 
Cached compiler stderr:
 
Compiler for C supports arguments -fstack-protector-all: YES (cached)
Using cached compile:
Cached command line:   

Code:
 extern int i;
int i;

Cached compiler stdout:
 
Cached compiler stderr:
 
Compiler for C supports arguments -fstack-protector-strong: YES (cached)
Using cached compile:
Cached command line:   

Code:
 extern int i;
int i;

Cached compiler stdout:
 
Cached compiler stderr:
 
Compiler for C supports arguments -fno-builtin-malloc: YES (cached)
Using cached compile:
Cached command line:   

Code:
 extern int i;
int i;

Cached compiler stdout:
 
Cached compiler stderr:
 
Compiler for C supports arguments -fno-builtin-free: YES (cached)
Message: libc/string/memcpy.c: machine overrides generic
Message: libc/string/memmove.S: machine overrides generic
Message: libc/string/memset.S: machine overrides generic
Message: libc/string/strcpy.c: machine overrides generic
Message: libc/string/strlen.c: machine overrides generic
Message: libc/string/strcmp.S: machine overrides generic
Message: libc/include/sys/fenv.h: machine overrides generic
Message: libc/include/machine/math.h: machine overrides generic
Message: libm/math/s_fabs.c: machine overrides generic
Message: libm/math/s_sqrt.c: machine overrides generic
Message: libm/math/sf_fabs.c: machine overrides generic
Message: libm/math/sf_sqrt.c: machine overrides generic
Message: libm/common/s_finite.c: machine overrides generic
Message: libm/common/s_copysign.c: machine overrides generic
Message: libm/common/s_isinf.c: machine overrides generic
Message: libm/common/s_isnan.c: machine overrides generic
Message: libm/common/s_fma.c: machine overrides generic
Message: libm/common/s_fmax.c: machine overrides generic
Message: libm/common/s_fmin.c: machine overrides generic
Message: libm/common/s_fpclassify.c: machine overrides generic
Message: libm/common/s_lrint.c: machine overrides generic
Message: libm/common/s_llrint.c: machine overrides generic
Message: libm/common/s_lround.c: machine overrides generic
Message: libm/common/s_llround.c: machine overrides generic
Message: libm/common/sf_finite.c: machine overrides generic
Message: libm/common/sf_copysign.c: machine overrides generic
Message: libm/common/sf_isinf.c: machine overrides generic
Message: libm/common/sf_isnan.c: machine overrides generic
Message: libm/common/sf_fma.c: machine overrides generic
Message: libm/common/sf_fmax.c: machine overrides generic
Message: libm/common/sf_fmin.c: machine overrides generic
Message: libm/common/sf_fpclassify.c: machine overrides generic
Message: libm/common/sf_lrint.c: machine overrides generic
Message: libm/common/sf_llrint.c: machine overrides generic
Message: libm/common/sf_lround.c: machine overrides generic
Message: libm/common/sf_llround.c: machine overrides generic
Message: libm/fenv/feclearexcept.c: machine overrides generic
Message: libm/fenv/fegetenv.c: machine overrides generic
Message: libm/fenv/fegetexceptflag.c: machine overrides generic
Message: libm/fenv/fegetround.c: machine overrides generic
Message: libm/fenv/feholdexcept.c: machine overrides generic
Message: libm/fenv/feraiseexcept.c: machine overrides generic
Message: libm/fenv/fesetenv.c: machine overrides generic
Message: libm/fenv/fesetexceptflag.c: machine overrides generic
Message: libm/fenv/fesetround.c: machine overrides generic
Message: libm/fenv/fetestexcept.c: machine overrides generic
Message: libm/fenv/feupdateenv.c: machine overrides generic
Configuring picolibc.h using configuration
Build targets in project: 9

picolibc 1.7.4

  User defined options
    Cross files         : /home/diego_sanchez/Dokumente/GitHub/wp04-2021-2-gr-01/SoC_project/build/nexys4ddr/software/libc/cross.txt
    backend             : ninja
    includedir          : picolibc/riscv64-unknown-elf/include
    libdir              : picolibc/riscv64-unknown-elf/lib
    atomic-ungetc       : false
    format-default      : integer
    io-long-long        : true
    multilib            : false
    picocrt             : false
    thread-local-storage: false

Found ninja-1.10.2.git.kitware.jobserver-1 at /home/diego_sanchez/.local/bin/ninja
Failed to guess install tag for /tools/Litex/riscv64-unknown-elf-gcc-8.3.0-2019.08.0-x86_64-linux-ubuntu14/bin/../lib/gcc/riscv64-unknown-elf/8.3.0/picolibc.specs
Failed to guess install tag for /tools/Litex/riscv64-unknown-elf-gcc-8.3.0-2019.08.0-x86_64-linux-ubuntu14/bin/../lib/gcc/riscv64-unknown-elf/8.3.0/picolibcpp.specs
Failed to guess install tag for /usr/local/picolibc/riscv64-unknown-elf/lib/picolibc.ld
Failed to guess install tag for /usr/local/picolibc/riscv64-unknown-elf/lib/picolibcpp.ld
Command line for building ['newlib/libc.a'] is long, using a response file
Failed to guess install tag for /tools/Litex/riscv64-unknown-elf-gcc-8.3.0-2019.08.0-x86_64-linux-ubuntu14/bin/../lib/gcc/riscv64-unknown-elf/8.3.0/picolibc.specs
Failed to guess install tag for /tools/Litex/riscv64-unknown-elf-gcc-8.3.0-2019.08.0-x86_64-linux-ubuntu14/bin/../lib/gcc/riscv64-unknown-elf/8.3.0/picolibcpp.specs
Failed to guess install tag for /usr/local/picolibc/riscv64-unknown-elf/lib/picolibc.ld
Failed to guess install tag for /usr/local/picolibc/riscv64-unknown-elf/lib/picolibcpp.ld
